<?xml version="1.0" encoding="UTF-8"?>
<!-- Generated by org.testng.reporters.JUnitReportReporter -->
<testsuite hostname="BINTERNS-QA31L" failures="0" tests="10" name="Netmeds_Test.Netmeds_Test_3" time="27.299" errors="0" timestamp="2023-05-11T18:48:03 IST" skipped="0">
  <testcase classname="Netmeds_Test.Netmeds_Test_3" name="Order_Medicine" time="1.333"/>
  <system-out/>
  <testcase classname="Netmeds_Test.Netmeds_Test_3" name="Upload_Now" time="0.070"/>
  <system-out/>
  <testcase classname="Netmeds_Test.Netmeds_Test_3" name="Consult_Doctor" time="0.040"/>
  <system-out/>
  <testcase classname="Netmeds_Test.Netmeds_Test_3" name="Shop_by_Category" time="0.046"/>
  <system-out/>
  <testcase classname="Netmeds_Test.Netmeds_Test_3" name="Petcare" time="5.500"/>
  <system-out/>
  <testcase classname="Netmeds_Test.Netmeds_Test_3" name="Vitamins_Supplements" time="4.218"/>
  <system-out/>
  <testcase classname="Netmeds_Test.Netmeds_Test_3" name="Orthopaedics" time="4.568"/>
  <system-out/>
  <testcase classname="Netmeds_Test.Netmeds_Test_3" name="Measurements" time="4.749"/>
  <system-out/>
  <testcase classname="Netmeds_Test.Netmeds_Test_3" name="Dilutions" time="4.714"/>
  <system-out/>
  <testcase classname="Netmeds_Test.Netmeds_Test_3" name="Health_Concerns" time="2.061"/>
  <system-out/>
</testsuite> <!-- Netmeds_Test.Netmeds_Test_3 -->
